<?xml version="1.0" encoding="UTF-8"?>
<testsuite name="com.devco.runners.WatchRoadTrips" tests="0" skipped="0" failures="0" errors="0" timestamp="1970-01-01T00:00:00" hostname="SSMEDLAPPRODZ6" time="0.0">
  <properties/>
  <system-out><![CDATA[
1 Scenarios (1 passed)
3 Steps (3 passed)
0m24.426s

]]></system-out>
  <system-err><![CDATA[[Test worker] INFO net.thucydides.core.steps.ConsoleLoggingListener - Test Suite Started: Ver si hay viajes por carretera disponibles
[Test worker] INFO net.thucydides.core.steps.ConsoleLoggingListener - 
 _____ _____ ____ _____   ____ _____  _    ____ _____ _____ ____  
|_   _| ____/ ___|_   _| / ___|_   _|/ \  |  _ \_   _| ____|  _ \ 
  | | |  _| \___ \ | |   \___ \ | | / _ \ | |_) || | |  _| | | | |
  | | | |___ ___) || |    ___) || |/ ___ \|  _ < | | | |___| |_| |
  |_| |_____|____/ |_|   |____/ |_/_/   \_\_| \_\|_| |_____|____/ 
                                                                  

TEST STARTED: Ver si hay viajes por carretera disponibles
-------------------------------------------------------------------(ver-si-hay-viajes-por-carretera-disponibles;ver-si-hay-viajes-por-carretera-disponibles)
[Test worker] INFO net.thucydides.core.steps.ConsoleLoggingListener - STARTING STEP Example #1: {messageExpected=10 bucket-list road trips}
]]></system-err>
</testsuite>
